<?xml version="1.0"  ?>

<!--  $Header: /nfs/slac/g/glast/ground/cvs/xmlUtil/xml/test-dict.xml,v 1.1 2001/06/12 18:39:20 jrb Exp $ -->

<!DOCTYPE gdd SYSTEM "gdd.dtd"
  [
    <!-- Keep some of the primary definitions in separate files -->
    <!ENTITY globalCountPrim SYSTEM "flightGlobalCountPrim.xml">
    <!ENTITY CALCountPrim   SYSTEM "flightCALCountPrim.xml">

    <!ENTITY TKRCountPrim   SYSTEM "flightTKRCountPrim.xml">

    <!ENTITY ACDCountPrim   SYSTEM "flightACDCountPrim.xml">

    <!ENTITY idDict         SYSTEM "testIdDict.xml">

    <!ENTITY idConvEnt      SYSTEM "testIdConv.xml">
  ]
>

<gdd CVSid="$Id: test-dict.xml,v 1.1 2001/06/12 18:39:20 jrb Exp $" DTDversion="2.0" >
  <constants>
    <version major="0" minor="0" />
    <primary>
        &globalCountPrim;
        &CALCountPrim;
        &TKRCountPrim;
        &ACDCountPrim;
    </primary>

    <derived>
      <derCategory name="derCount" save="true">
        <overview> Derived count-type constants </overview>
        <const name="CALMaxLayer" uType="count" >
          <notes>upper limit on Cal layer idfield value</notes>
          <minus>
            <refer refTo="CALnLayer" />
            <const value="1" uType="count" />
          </minus>
        </const>

        <const name="TKRMaxNoCnv" uType="count">
          <notes>Tray number of most forward no-converter tray</notes>
          <minus>
            <refer refTo="numNoCnvTrays" />
            <const value="1" uType="count" />
          </minus>
        </const>

        <const name="TKRMaxReg" uType="count" >
          <notes>Tray number of most forward "regular" tray. Top
                 tray doesn't qualify since it has no top Si.</notes>
          <minus>
            <refer refTo="maxTray" />
            <const value="1" uType="count" />
          </minus>
        </const>

        <const name="xNumM1" uType="count">
          <notes>Convenience number</notes>
          <minus>
            <refer refTo="xNum" />
            <const value="1" uType="count" />
          </minus>
        </const>

        <const name="yNumM1" uType="count">
          <notes>Convenience number</notes>
          <minus>
            <refer refTo="yNum" />
            <const value="1" uType="count" />
          </minus>
        </const>


        <const name="nLadderM1" uType="count" >
          <notes>Upper limit on ladder idField values</notes>
          <minus>
            <refer refTo="nWaferAcross" />
            <const value="1" uType="count" />
          </minus>
        </const>

        <const name="maxLog" uType="count" >
          <notes>Upper limit on CsI log idField values</notes>
          <minus>
            <refer refTo="nCsIPerLayer" />
            <const value="1" uType="count" />
          </minus>
        </const>

        <const name="maxTray" uType="count" >
          <notes>Upper limit on tray idField values</notes>
          <minus>
            <refer refTo="numTrays" />
            <const value="1" uType="count" />
          </minus>
        </const>

        <const name="maxTrayM1" uType="count" >
          <notes>max tray number of tray with bottom Si wafers</notes>
          <minus>
            <refer refTo="numTrays" />
            <const value="2" uType="count" />
          </minus>
        </const>

        <const name="maxWaferStripNum" uType="count" >
          <notes>Upper limit on strip number within a wafer</notes>
          <minus>
            <refer refTo="stripPerWafer" />
            <const value="1" uType="count" />
          </minus>
        </const>

        <const name="XTopTileMax" uType="count">
          <notes>Convenience for idField definitons</notes>
          <minus>
            <refer refTo="numXTopTiles" />
            <const value="1.0" />
          </minus>
        </const>

        <const name="YTopTileMax" uType="count">
          <notes>Convenience for idField definitons</notes>
          <minus>
            <refer refTo="numYTopTiles" />
            <const value="1" uType="count" />
          </minus>
        </const>


        <const name="ACDLongRowMin" uType="count" >
          <notes>row number of first long ACD side row</notes>
          <add>
            <refer refTo="ACDShortRowMax" />
            <const value="1" uType="count" />
          </add>
        </const>

        <const name="ACDLongRowMax" uType="count" >
          <notes>row number of last long ACD side row</notes>
          <minus>
            <refer refTo="numSideRows" />
            <const value="1" uType="count" />
          </minus>
        </const>

        <const name="ACDShortMaxCol" uType="count">
          <notes>Column number of last tile in a short row</notes>
          <minus>
            <refer refTo="numPerSideRowShort" />
            <const value="1" uType="count" />
          </minus>
        </const>

        <const name="ACDLongMaxCol" uType="count">
          <notes>Column number of last tile in a long row</notes>
          <minus>
            <refer refTo="numPerSideRowLong" />
            <const value="1" uType="count" />
          </minus>
        </const>

      </derCategory>
    </derived>

  </constants>

  &idDict;
  &idConvEnt;
  

</gdd>

